2024-04-21 14:56:33,908 - DEBUG - アクセス検知
2024-04-21 14:56:33,909 - DEBUG - ゴール一覧取得開始
2024-04-21 14:56:33,910 - DEBUG - DB接続開始
2024-04-21 14:56:33,930 - DEBUG - DB接続完了
2024-04-21 14:56:33,932 - DEBUG - ゴール一覧取得終了
2024-04-21 14:56:33,933 - DEBUG - 紐付け情報取得開始
2024-04-21 14:56:33,933 - DEBUG - DB接続開始
2024-04-21 14:56:33,943 - DEBUG - DB接続完了
2024-04-21 14:56:33,945 - DEBUG - 紐付け情報取得完了
2024-04-21 14:56:37,422 - DEBUG - アクセス検知
2024-04-21 14:56:37,423 - DEBUG - ゴール一覧取得開始
2024-04-21 14:56:37,424 - DEBUG - DB接続開始
2024-04-21 14:56:37,440 - DEBUG - DB接続完了
2024-04-21 14:56:37,442 - DEBUG - ゴール一覧取得終了
2024-04-21 14:56:37,442 - DEBUG - 紐付け情報取得開始
2024-04-21 14:56:37,443 - DEBUG - DB接続開始
2024-04-21 14:56:37,450 - DEBUG - DB接続完了
2024-04-21 14:56:37,452 - DEBUG - 紐付け情報取得完了
2024-04-21 14:56:44,678 - DEBUG - 新規目標登録開始
2024-04-21 14:56:44,679 - DEBUG - DB接続開始
2024-04-21 14:56:44,687 - DEBUG - DB接続完了
2024-04-21 14:56:44,689 - DEBUG - 新規目標登録失敗
2024-04-21 14:56:44,689 - DEBUG - DatabaseError: 1364 (HY000): Field 'status' doesn't have a default value
2024-04-21 14:56:44,693 - DEBUG - アクセス検知
2024-04-21 14:56:44,694 - DEBUG - ゴール一覧取得開始
2024-04-21 14:56:44,694 - DEBUG - DB接続開始
2024-04-21 14:56:44,701 - DEBUG - DB接続完了
2024-04-21 14:56:44,703 - DEBUG - ゴール一覧取得終了
2024-04-21 14:56:44,703 - DEBUG - 紐付け情報取得開始
2024-04-21 14:56:44,703 - DEBUG - DB接続開始
2024-04-21 14:56:44,711 - DEBUG - DB接続完了
2024-04-21 14:56:44,713 - DEBUG - 紐付け情報取得完了
2024-04-21 15:03:40,604 - DEBUG - 新規目標登録開始
2024-04-21 15:03:40,605 - DEBUG - DB接続開始
2024-04-21 15:03:40,614 - DEBUG - DB接続完了
2024-04-21 15:03:40,621 - DEBUG - アクセス検知
2024-04-21 15:03:40,622 - DEBUG - ゴール一覧取得開始
2024-04-21 15:03:40,622 - DEBUG - DB接続開始
2024-04-21 15:03:40,629 - DEBUG - DB接続完了
2024-04-21 15:03:40,630 - DEBUG - ゴール一覧取得終了
2024-04-21 15:03:40,630 - DEBUG - 紐付け情報取得開始
2024-04-21 15:03:40,631 - DEBUG - DB接続開始
2024-04-21 15:03:40,638 - DEBUG - DB接続完了
2024-04-21 15:03:40,639 - DEBUG - DB接続開始
2024-04-21 15:03:40,646 - DEBUG - DB接続完了
2024-04-21 15:03:40,650 - DEBUG - DB接続開始
2024-04-21 15:03:40,657 - DEBUG - DB接続完了
2024-04-21 15:03:40,658 - DEBUG - 紐付け情報取得完了
2024-04-21 15:05:59,804 - DEBUG - 目標削除開始
2024-04-21 15:05:59,805 - DEBUG - DB接続開始
2024-04-21 15:05:59,814 - DEBUG - DB接続完了
2024-04-21 15:05:59,819 - DEBUG - DB接続開始
2024-04-21 15:05:59,826 - DEBUG - DB接続完了
2024-04-21 15:05:59,830 - DEBUG - アクセス検知
2024-04-21 15:05:59,831 - DEBUG - ゴール一覧取得開始
2024-04-21 15:05:59,831 - DEBUG - DB接続開始
2024-04-21 15:05:59,838 - DEBUG - DB接続完了
2024-04-21 15:05:59,839 - DEBUG - ゴール一覧取得終了
2024-04-21 15:05:59,840 - DEBUG - 紐付け情報取得開始
2024-04-21 15:05:59,840 - DEBUG - DB接続開始
2024-04-21 15:05:59,847 - DEBUG - DB接続完了
2024-04-21 15:05:59,848 - DEBUG - 紐付け情報取得完了
2024-04-21 15:06:08,939 - DEBUG - 新規目標登録開始
2024-04-21 15:06:08,940 - DEBUG - DB接続開始
2024-04-21 15:06:08,949 - DEBUG - DB接続完了
2024-04-21 15:06:08,957 - DEBUG - アクセス検知
2024-04-21 15:06:08,957 - DEBUG - ゴール一覧取得開始
2024-04-21 15:06:08,957 - DEBUG - DB接続開始
2024-04-21 15:06:08,966 - DEBUG - DB接続完了
2024-04-21 15:06:08,967 - DEBUG - ゴール一覧取得終了
2024-04-21 15:06:08,968 - DEBUG - 紐付け情報取得開始
2024-04-21 15:06:08,968 - DEBUG - DB接続開始
2024-04-21 15:06:08,975 - DEBUG - DB接続完了
2024-04-21 15:06:08,977 - DEBUG - DB接続開始
2024-04-21 15:06:08,983 - DEBUG - DB接続完了
2024-04-21 15:06:08,985 - DEBUG - DB接続開始
2024-04-21 15:06:08,991 - DEBUG - DB接続完了
2024-04-21 15:06:08,993 - DEBUG - 紐付け情報取得完了
2024-04-21 15:14:17,813 - DEBUG - 目標削除開始
2024-04-21 15:14:17,814 - DEBUG - DB接続開始
2024-04-21 15:14:17,830 - DEBUG - DB接続完了
2024-04-21 15:14:17,835 - DEBUG - DB接続開始
2024-04-21 15:14:17,842 - DEBUG - DB接続完了
2024-04-21 15:14:17,848 - DEBUG - アクセス検知
2024-04-21 15:14:17,848 - DEBUG - ゴール一覧取得開始
2024-04-21 15:14:17,849 - DEBUG - DB接続開始
2024-04-21 15:14:17,856 - DEBUG - DB接続完了
2024-04-21 15:14:17,857 - DEBUG - ゴール一覧取得終了
2024-04-21 15:14:17,857 - DEBUG - 紐付け情報取得開始
2024-04-21 15:14:17,858 - DEBUG - DB接続開始
2024-04-21 15:14:17,865 - DEBUG - DB接続完了
2024-04-21 15:14:17,867 - DEBUG - 紐付け情報取得完了
2024-04-21 15:14:27,489 - DEBUG - 新規目標登録開始
2024-04-21 15:14:27,490 - DEBUG - DB接続開始
2024-04-21 15:14:27,498 - DEBUG - DB接続完了
2024-04-21 15:14:27,506 - DEBUG - アクセス検知
2024-04-21 15:14:27,506 - DEBUG - ゴール一覧取得開始
2024-04-21 15:14:27,507 - DEBUG - DB接続開始
2024-04-21 15:14:27,514 - DEBUG - DB接続完了
2024-04-21 15:14:27,515 - DEBUG - ゴール一覧取得終了
2024-04-21 15:14:27,516 - DEBUG - 紐付け情報取得開始
2024-04-21 15:14:27,516 - DEBUG - DB接続開始
2024-04-21 15:14:27,524 - DEBUG - DB接続完了
2024-04-21 15:14:27,525 - DEBUG - DB接続開始
2024-04-21 15:14:27,532 - DEBUG - DB接続完了
2024-04-21 15:14:27,534 - DEBUG - DB接続開始
2024-04-21 15:14:27,541 - DEBUG - DB接続完了
2024-04-21 15:14:27,542 - DEBUG - 紐付け情報取得完了
2024-04-21 15:14:54,885 - DEBUG - 目標削除開始
2024-04-21 15:14:54,886 - DEBUG - DB接続開始
2024-04-21 15:14:54,900 - DEBUG - DB接続完了
2024-04-21 15:14:54,906 - DEBUG - DB接続開始
2024-04-21 15:14:54,914 - DEBUG - DB接続完了
2024-04-21 15:14:54,920 - DEBUG - アクセス検知
2024-04-21 15:14:54,920 - DEBUG - ゴール一覧取得開始
2024-04-21 15:14:54,921 - DEBUG - DB接続開始
2024-04-21 15:14:54,927 - DEBUG - DB接続完了
2024-04-21 15:14:54,929 - DEBUG - ゴール一覧取得終了
2024-04-21 15:14:54,929 - DEBUG - 紐付け情報取得開始
2024-04-21 15:14:54,930 - DEBUG - DB接続開始
2024-04-21 15:14:54,938 - DEBUG - DB接続完了
2024-04-21 15:14:54,939 - DEBUG - 紐付け情報取得完了
2024-04-21 15:15:02,161 - DEBUG - 新規目標登録開始
2024-04-21 15:15:02,161 - DEBUG - DB接続開始
2024-04-21 15:15:02,169 - DEBUG - DB接続完了
2024-04-21 15:15:02,177 - DEBUG - アクセス検知
2024-04-21 15:15:02,177 - DEBUG - ゴール一覧取得開始
2024-04-21 15:15:02,178 - DEBUG - DB接続開始
2024-04-21 15:15:02,185 - DEBUG - DB接続完了
2024-04-21 15:15:02,187 - DEBUG - ゴール一覧取得終了
2024-04-21 15:15:02,187 - DEBUG - 紐付け情報取得開始
2024-04-21 15:15:02,187 - DEBUG - DB接続開始
2024-04-21 15:15:02,195 - DEBUG - DB接続完了
2024-04-21 15:15:02,196 - DEBUG - DB接続開始
2024-04-21 15:15:02,203 - DEBUG - DB接続完了
2024-04-21 15:15:02,204 - DEBUG - DB接続開始
2024-04-21 15:15:02,211 - DEBUG - DB接続完了
2024-04-21 15:15:02,212 - DEBUG - 紐付け情報取得完了
2024-04-21 15:15:06,210 - DEBUG - 目標詳細取得開始
2024-04-21 15:15:06,211 - DEBUG - DB接続開始
2024-04-21 15:15:06,221 - DEBUG - DB接続完了
2024-04-21 15:15:06,223 - DEBUG - 目標詳細取得成功
2024-04-21 15:15:11,480 - DEBUG - 評価登録開始
2024-04-21 15:15:11,480 - DEBUG - DB接続開始
2024-04-21 15:15:11,489 - DEBUG - DB接続完了
2024-04-21 15:15:11,490 - DEBUG - DataError: 1406 (22001): Data too long for column 'evaluation' at row 1
2024-04-21 15:15:11,490 - DEBUG - 評価登録失敗
2024-04-21 15:15:11,494 - DEBUG - アクセス検知
2024-04-21 15:15:11,494 - DEBUG - ゴール一覧取得開始
2024-04-21 15:15:11,495 - DEBUG - DB接続開始
2024-04-21 15:15:11,502 - DEBUG - DB接続完了
2024-04-21 15:15:11,504 - DEBUG - ゴール一覧取得終了
2024-04-21 15:15:11,504 - DEBUG - 紐付け情報取得開始
2024-04-21 15:15:11,505 - DEBUG - DB接続開始
2024-04-21 15:15:11,512 - DEBUG - DB接続完了
2024-04-21 15:15:11,513 - DEBUG - DB接続開始
2024-04-21 15:15:11,520 - DEBUG - DB接続完了
2024-04-21 15:15:11,521 - DEBUG - DB接続開始
2024-04-21 15:15:11,528 - DEBUG - DB接続完了
2024-04-21 15:15:11,529 - DEBUG - 紐付け情報取得完了
2024-04-21 15:18:49,623 - DEBUG - 目標詳細取得開始
2024-04-21 15:18:49,624 - DEBUG - DB接続開始
2024-04-21 15:18:49,637 - DEBUG - DB接続完了
2024-04-21 15:18:49,639 - DEBUG - 目標詳細取得成功
2024-04-21 15:18:53,462 - DEBUG - 評価登録開始
2024-04-21 15:18:53,462 - DEBUG - DB接続開始
2024-04-21 15:18:53,471 - DEBUG - DB接続完了
2024-04-21 15:18:53,481 - DEBUG - 目標詳細取得開始
2024-04-21 15:18:53,481 - DEBUG - DB接続開始
2024-04-21 15:18:53,496 - DEBUG - DB接続完了
2024-04-21 15:18:53,498 - DEBUG - 目標詳細取得成功
2024-04-21 15:18:58,052 - DEBUG - 目標詳細取得開始
2024-04-21 15:18:58,054 - DEBUG - DB接続開始
2024-04-21 15:18:58,064 - DEBUG - DB接続完了
2024-04-21 15:18:58,066 - DEBUG - 目標詳細取得成功
2024-04-21 15:19:09,030 - DEBUG - 新規目標登録開始
2024-04-21 15:19:09,031 - DEBUG - DB接続開始
2024-04-21 15:19:09,040 - DEBUG - DB接続完了
2024-04-21 15:19:09,044 - DEBUG - 最新目標取得開始
2024-04-21 15:19:09,044 - DEBUG - DB接続開始
2024-04-21 15:19:09,052 - DEBUG - DB接続完了
2024-04-21 15:19:09,055 - DEBUG - 最新目標取得成功
2024-04-21 15:19:09,055 - DEBUG - 目標紐付け開始
2024-04-21 15:19:09,056 - DEBUG - DB接続開始
2024-04-21 15:19:09,063 - DEBUG - DB接続完了
2024-04-21 15:19:09,070 - DEBUG - アクセス検知
2024-04-21 15:19:09,071 - DEBUG - ゴール一覧取得開始
2024-04-21 15:19:09,071 - DEBUG - DB接続開始
2024-04-21 15:19:09,078 - DEBUG - DB接続完了
2024-04-21 15:19:09,080 - DEBUG - ゴール一覧取得終了
2024-04-21 15:19:09,080 - DEBUG - 紐付け情報取得開始
2024-04-21 15:19:09,080 - DEBUG - DB接続開始
2024-04-21 15:19:09,092 - DEBUG - DB接続完了
2024-04-21 15:19:09,093 - DEBUG - DB接続開始
2024-04-21 15:19:09,100 - DEBUG - DB接続完了
2024-04-21 15:19:09,101 - DEBUG - DB接続開始
2024-04-21 15:19:09,108 - DEBUG - DB接続完了
2024-04-21 15:19:09,109 - DEBUG - DB接続開始
2024-04-21 15:19:09,116 - DEBUG - DB接続完了
2024-04-21 15:19:09,117 - DEBUG - DB接続開始
2024-04-21 15:19:09,125 - DEBUG - DB接続完了
2024-04-21 15:19:09,126 - DEBUG - 紐付け情報取得完了
2024-04-21 15:19:23,751 - DEBUG - 目標削除開始
2024-04-21 15:19:23,752 - DEBUG - DB接続開始
2024-04-21 15:19:23,761 - DEBUG - DB接続完了
2024-04-21 15:19:23,766 - DEBUG - DB接続開始
2024-04-21 15:19:23,774 - DEBUG - DB接続完了
2024-04-21 15:19:23,781 - DEBUG - アクセス検知
2024-04-21 15:19:23,781 - DEBUG - ゴール一覧取得開始
2024-04-21 15:19:23,781 - DEBUG - DB接続開始
2024-04-21 15:19:23,788 - DEBUG - DB接続完了
2024-04-21 15:19:23,790 - DEBUG - ゴール一覧取得終了
2024-04-21 15:19:23,790 - DEBUG - 紐付け情報取得開始
2024-04-21 15:19:23,790 - DEBUG - DB接続開始
2024-04-21 15:19:23,798 - DEBUG - DB接続完了
2024-04-21 15:19:23,799 - DEBUG - DB接続開始
2024-04-21 15:19:23,806 - DEBUG - DB接続完了
2024-04-21 15:19:23,808 - DEBUG - DB接続開始
2024-04-21 15:19:23,815 - DEBUG - DB接続完了
2024-04-21 15:19:23,816 - DEBUG - 紐付け情報取得完了
2024-04-21 15:19:35,384 - DEBUG - 目標詳細取得開始
2024-04-21 15:19:35,385 - DEBUG - DB接続開始
2024-04-21 15:19:35,395 - DEBUG - DB接続完了
2024-04-21 15:19:35,396 - DEBUG - 目標詳細取得成功
